{"C:\\Users\\김승덕\\Desktop\\김은균\\스터디\\Node.js교과서\\ch09\\nodebird\\app.js": {"path":"C:\\Users\\김승덕\\Desktop\\김은균\\스터디\\Node.js교과서\\ch09\\nodebird\\app.js","statementMap":{"0":{"start":{"line":1,"column":16},"end":{"line":1,"column":34}},"1":{"start":{"line":2,"column":21},"end":{"line":2,"column":45}},"2":{"start":{"line":3,"column":15},"end":{"line":3,"column":32}},"3":{"start":{"line":4,"column":13},"end":{"line":4,"column":28}},"4":{"start":{"line":5,"column":16},"end":{"line":5,"column":42}},"5":{"start":{"line":6,"column":17},"end":{"line":6,"column":36}},"6":{"start":{"line":7,"column":15},"end":{"line":7,"column":32}},"7":{"start":{"line":8,"column":17},"end":{"line":8,"column":36}},"8":{"start":{"line":10,"column":0},"end":{"line":10,"column":16}},"9":{"start":{"line":11,"column":19},"end":{"line":11,"column":43}},"10":{"start":{"line":12,"column":19},"end":{"line":12,"column":43}},"11":{"start":{"line":13,"column":19},"end":{"line":13,"column":43}},"12":{"start":{"line":14,"column":19},"end":{"line":14,"column":43}},"13":{"start":{"line":15,"column":22},"end":{"line":15,"column":41}},"14":{"start":{"line":16,"column":22},"end":{"line":16,"column":43}},"15":{"start":{"line":18,"column":12},"end":{"line":18,"column":21}},"16":{"start":{"line":19,"column":0},"end":{"line":19,"column":17}},"17":{"start":{"line":20,"column":0},"end":{"line":20,"column":42}},"18":{"start":{"line":21,"column":0},"end":{"line":21,"column":31}},"19":{"start":{"line":22,"column":0},"end":{"line":25,"column":3}},"20":{"start":{"line":26,"column":0},"end":{"line":32,"column":7}},"21":{"start":{"line":28,"column":8},"end":{"line":28,"column":36}},"22":{"start":{"line":31,"column":8},"end":{"line":31,"column":27}},"23":{"start":{"line":34,"column":0},"end":{"line":34,"column":23}},"24":{"start":{"line":35,"column":0},"end":{"line":35,"column":56}},"25":{"start":{"line":36,"column":0},"end":{"line":36,"column":65}},"26":{"start":{"line":37,"column":0},"end":{"line":37,"column":24}},"27":{"start":{"line":38,"column":0},"end":{"line":38,"column":49}},"28":{"start":{"line":39,"column":0},"end":{"line":39,"column":49}},"29":{"start":{"line":40,"column":0},"end":{"line":48,"column":4}},"30":{"start":{"line":49,"column":0},"end":{"line":49,"column":31}},"31":{"start":{"line":50,"column":0},"end":{"line":50,"column":28}},"32":{"start":{"line":52,"column":0},"end":{"line":52,"column":25}},"33":{"start":{"line":53,"column":0},"end":{"line":53,"column":29}},"34":{"start":{"line":54,"column":0},"end":{"line":54,"column":29}},"35":{"start":{"line":55,"column":0},"end":{"line":55,"column":29}},"36":{"start":{"line":57,"column":0},"end":{"line":61,"column":3}},"37":{"start":{"line":58,"column":18},"end":{"line":58,"column":66}},"38":{"start":{"line":59,"column":4},"end":{"line":59,"column":23}},"39":{"start":{"line":60,"column":4},"end":{"line":60,"column":16}},"40":{"start":{"line":62,"column":0},"end":{"line":67,"column":3}},"41":{"start":{"line":63,"column":4},"end":{"line":63,"column":37}},"42":{"start":{"line":64,"column":4},"end":{"line":64,"column":72}},"43":{"start":{"line":65,"column":4},"end":{"line":65,"column":34}},"44":{"start":{"line":66,"column":4},"end":{"line":66,"column":24}},"45":{"start":{"line":69,"column":0},"end":{"line":69,"column":21}}},"fnMap":{"0":{"name":"(anonymous_0)","decl":{"start":{"line":27,"column":10},"end":{"line":27,"column":11}},"loc":{"start":{"line":27,"column":16},"end":{"line":29,"column":5}},"line":27},"1":{"name":"(anonymous_1)","decl":{"start":{"line":30,"column":11},"end":{"line":30,"column":12}},"loc":{"start":{"line":30,"column":20},"end":{"line":32,"column":5}},"line":30},"2":{"name":"(anonymous_2)","decl":{"start":{"line":57,"column":8},"end":{"line":57,"column":9}},"loc":{"start":{"line":57,"column":28},"end":{"line":61,"column":1}},"line":57},"3":{"name":"(anonymous_3)","decl":{"start":{"line":62,"column":8},"end":{"line":62,"column":9}},"loc":{"start":{"line":62,"column":33},"end":{"line":67,"column":1}},"line":62}},"branchMap":{"0":{"loc":{"start":{"line":20,"column":16},"end":{"line":20,"column":40}},"type":"binary-expr","locations":[{"start":{"line":20,"column":16},"end":{"line":20,"column":32}},{"start":{"line":20,"column":36},"end":{"line":20,"column":40}}],"line":20},"1":{"loc":{"start":{"line":64,"column":23},"end":{"line":64,"column":71}},"type":"cond-expr","locations":[{"start":{"line":64,"column":63},"end":{"line":64,"column":66}},{"start":{"line":64,"column":69},"end":{"line":64,"column":71}}],"line":64},"2":{"loc":{"start":{"line":65,"column":15},"end":{"line":65,"column":32}},"type":"binary-expr","locations":[{"start":{"line":65,"column":15},"end":{"line":65,"column":25}},{"start":{"line":65,"column":29},"end":{"line":65,"column":32}}],"line":65}},"s":{"0":1,"1":1,"2":1,"3":1,"4":1,"5":1,"6":1,"7":1,"8":1,"9":1,"10":1,"11":1,"12":1,"13":1,"14":1,"15":1,"16":1,"17":1,"18":1,"19":1,"20":1,"21":1,"22":0,"23":1,"24":1,"25":1,"26":1,"27":1,"28":1,"29":1,"30":1,"31":1,"32":1,"33":1,"34":1,"35":1,"36":1,"37":0,"38":0,"39":0,"40":1,"41":2,"42":2,"43":2,"44":2,"45":1},"f":{"0":1,"1":0,"2":0,"3":2},"b":{"0":[1,1],"1":[2,0],"2":[2,2]},"_coverageSchema":"1a1c01bbd47fc00a2c39e90264f33305004495a9","hash":"7ad09fbab52e6c2865e18291e714b1a0f9ebb08a"}
,"C:\\Users\\김승덕\\Desktop\\김은균\\스터디\\Node.js교과서\\ch09\\nodebird\\controllers\\user.js": {"path":"C:\\Users\\김승덕\\Desktop\\김은균\\스터디\\Node.js교과서\\ch09\\nodebird\\controllers\\user.js","statementMap":{"0":{"start":{"line":1,"column":13},"end":{"line":1,"column":38}},"1":{"start":{"line":3,"column":0},"end":{"line":16,"column":2}},"2":{"start":{"line":4,"column":4},"end":{"line":15,"column":5}},"3":{"start":{"line":5,"column":21},"end":{"line":5,"column":71}},"4":{"start":{"line":6,"column":8},"end":{"line":11,"column":9}},"5":{"start":{"line":7,"column":12},"end":{"line":7,"column":65}},"6":{"start":{"line":8,"column":12},"end":{"line":8,"column":32}},"7":{"start":{"line":10,"column":12},"end":{"line":10,"column":44}},"8":{"start":{"line":13,"column":8},"end":{"line":13,"column":29}},"9":{"start":{"line":14,"column":8},"end":{"line":14,"column":20}}},"fnMap":{"0":{"name":"(anonymous_0)","decl":{"start":{"line":3,"column":23},"end":{"line":3,"column":24}},"loc":{"start":{"line":3,"column":49},"end":{"line":16,"column":1}},"line":3}},"branchMap":{"0":{"loc":{"start":{"line":6,"column":8},"end":{"line":11,"column":9}},"type":"if","locations":[{"start":{"line":6,"column":8},"end":{"line":11,"column":9}},{"start":{"line":9,"column":15},"end":{"line":11,"column":9}}],"line":6}},"s":{"0":2,"1":2,"2":3,"3":3,"4":2,"5":1,"6":1,"7":1,"8":1,"9":1},"f":{"0":3},"b":{"0":[1,1]},"_coverageSchema":"1a1c01bbd47fc00a2c39e90264f33305004495a9","hash":"fba39c6947656a36581df7f193c210f08208632d"}
,"C:\\Users\\김승덕\\Desktop\\김은균\\스터디\\Node.js교과서\\ch09\\nodebird\\models\\hashtag.js": {"path":"C:\\Users\\김승덕\\Desktop\\김은균\\스터디\\Node.js교과서\\ch09\\nodebird\\models\\hashtag.js","statementMap":{"0":{"start":{"line":1,"column":18},"end":{"line":1,"column":38}},"1":{"start":{"line":3,"column":0},"end":{"line":26,"column":2}},"2":{"start":{"line":5,"column":8},"end":{"line":20,"column":11}},"3":{"start":{"line":24,"column":8},"end":{"line":24,"column":70}}},"fnMap":{"0":{"name":"(anonymous_0)","decl":{"start":{"line":4,"column":4},"end":{"line":4,"column":5}},"loc":{"start":{"line":4,"column":27},"end":{"line":21,"column":5}},"line":4},"1":{"name":"(anonymous_1)","decl":{"start":{"line":23,"column":4},"end":{"line":23,"column":5}},"loc":{"start":{"line":23,"column":25},"end":{"line":25,"column":5}},"line":23}},"branchMap":{},"s":{"0":1,"1":1,"2":1,"3":1},"f":{"0":1,"1":1},"b":{},"_coverageSchema":"1a1c01bbd47fc00a2c39e90264f33305004495a9","hash":"5d930ed752e573f5be3b2ca1346b12ecd35414df"}
,"C:\\Users\\김승덕\\Desktop\\김은균\\스터디\\Node.js교과서\\ch09\\nodebird\\models\\index.js": {"path":"C:\\Users\\김승덕\\Desktop\\김은균\\스터디\\Node.js교과서\\ch09\\nodebird\\models\\index.js","statementMap":{"0":{"start":{"line":1,"column":18},"end":{"line":1,"column":38}},"1":{"start":{"line":2,"column":12},"end":{"line":2,"column":49}},"2":{"start":{"line":3,"column":15},"end":{"line":3,"column":47}},"3":{"start":{"line":4,"column":13},"end":{"line":4,"column":30}},"4":{"start":{"line":5,"column":13},"end":{"line":5,"column":30}},"5":{"start":{"line":6,"column":16},"end":{"line":6,"column":36}},"6":{"start":{"line":8,"column":11},"end":{"line":8,"column":13}},"7":{"start":{"line":9,"column":18},"end":{"line":11,"column":1}},"8":{"start":{"line":13,"column":0},"end":{"line":13,"column":25}},"9":{"start":{"line":14,"column":0},"end":{"line":14,"column":15}},"10":{"start":{"line":15,"column":0},"end":{"line":15,"column":15}},"11":{"start":{"line":16,"column":0},"end":{"line":16,"column":21}},"12":{"start":{"line":18,"column":0},"end":{"line":18,"column":21}},"13":{"start":{"line":19,"column":0},"end":{"line":19,"column":21}},"14":{"start":{"line":20,"column":0},"end":{"line":20,"column":24}},"15":{"start":{"line":22,"column":0},"end":{"line":22,"column":19}},"16":{"start":{"line":23,"column":0},"end":{"line":23,"column":19}},"17":{"start":{"line":24,"column":0},"end":{"line":24,"column":22}},"18":{"start":{"line":26,"column":0},"end":{"line":26,"column":20}}},"fnMap":{},"branchMap":{"0":{"loc":{"start":{"line":2,"column":12},"end":{"line":2,"column":49}},"type":"binary-expr","locations":[{"start":{"line":2,"column":12},"end":{"line":2,"column":32}},{"start":{"line":2,"column":36},"end":{"line":2,"column":49}}],"line":2}},"s":{"0":1,"1":1,"2":1,"3":1,"4":1,"5":1,"6":1,"7":1,"8":1,"9":1,"10":1,"11":1,"12":1,"13":1,"14":1,"15":1,"16":1,"17":1,"18":1},"f":{},"b":{"0":[1,0]},"_coverageSchema":"1a1c01bbd47fc00a2c39e90264f33305004495a9","hash":"b17d7a74a94ae7b15f3d03707ad6830361748226"}
,"C:\\Users\\김승덕\\Desktop\\김은균\\스터디\\Node.js교과서\\ch09\\nodebird\\models\\post.js": {"path":"C:\\Users\\김승덕\\Desktop\\김은균\\스터디\\Node.js교과서\\ch09\\nodebird\\models\\post.js","statementMap":{"0":{"start":{"line":1,"column":18},"end":{"line":1,"column":38}},"1":{"start":{"line":3,"column":0},"end":{"line":30,"column":2}},"2":{"start":{"line":5,"column":8},"end":{"line":23,"column":11}},"3":{"start":{"line":27,"column":8},"end":{"line":27,"column":35}},"4":{"start":{"line":28,"column":8},"end":{"line":28,"column":70}}},"fnMap":{"0":{"name":"(anonymous_0)","decl":{"start":{"line":4,"column":4},"end":{"line":4,"column":5}},"loc":{"start":{"line":4,"column":27},"end":{"line":24,"column":5}},"line":4},"1":{"name":"(anonymous_1)","decl":{"start":{"line":26,"column":4},"end":{"line":26,"column":5}},"loc":{"start":{"line":26,"column":25},"end":{"line":29,"column":5}},"line":26}},"branchMap":{},"s":{"0":1,"1":1,"2":1,"3":1,"4":1},"f":{"0":1,"1":1},"b":{},"_coverageSchema":"1a1c01bbd47fc00a2c39e90264f33305004495a9","hash":"34bfa545ffd5d1aba124af7a64d98526508b4381"}
,"C:\\Users\\김승덕\\Desktop\\김은균\\스터디\\Node.js교과서\\ch09\\nodebird\\models\\user.js": {"path":"C:\\Users\\김승덕\\Desktop\\김은균\\스터디\\Node.js교과서\\ch09\\nodebird\\models\\user.js","statementMap":{"0":{"start":{"line":1,"column":18},"end":{"line":1,"column":38}},"1":{"start":{"line":3,"column":0},"end":{"line":53,"column":2}},"2":{"start":{"line":5,"column":8},"end":{"line":37,"column":11}},"3":{"start":{"line":41,"column":8},"end":{"line":41,"column":33}},"4":{"start":{"line":42,"column":8},"end":{"line":46,"column":11}},"5":{"start":{"line":47,"column":8},"end":{"line":51,"column":11}}},"fnMap":{"0":{"name":"(anonymous_0)","decl":{"start":{"line":4,"column":4},"end":{"line":4,"column":5}},"loc":{"start":{"line":4,"column":27},"end":{"line":38,"column":5}},"line":4},"1":{"name":"(anonymous_1)","decl":{"start":{"line":40,"column":4},"end":{"line":40,"column":5}},"loc":{"start":{"line":40,"column":25},"end":{"line":52,"column":5}},"line":40}},"branchMap":{},"s":{"0":3,"1":3,"2":2,"3":2,"4":2,"5":2},"f":{"0":2,"1":2},"b":{},"_coverageSchema":"1a1c01bbd47fc00a2c39e90264f33305004495a9","hash":"a97569c8097763323845f0d765b6b7c7e1f1f274"}
,"C:\\Users\\김승덕\\Desktop\\김은균\\스터디\\Node.js교과서\\ch09\\nodebird\\passport\\index.js": {"path":"C:\\Users\\김승덕\\Desktop\\김은균\\스터디\\Node.js교과서\\ch09\\nodebird\\passport\\index.js","statementMap":{"0":{"start":{"line":1,"column":17},"end":{"line":1,"column":36}},"1":{"start":{"line":2,"column":14},"end":{"line":2,"column":40}},"2":{"start":{"line":3,"column":14},"end":{"line":3,"column":40}},"3":{"start":{"line":4,"column":13},"end":{"line":4,"column":38}},"4":{"start":{"line":6,"column":0},"end":{"line":30,"column":2}},"5":{"start":{"line":7,"column":4},"end":{"line":9,"column":7}},"6":{"start":{"line":8,"column":8},"end":{"line":8,"column":28}},"7":{"start":{"line":11,"column":4},"end":{"line":26,"column":7}},"8":{"start":{"line":12,"column":8},"end":{"line":25,"column":37}},"9":{"start":{"line":24,"column":26},"end":{"line":24,"column":42}},"10":{"start":{"line":25,"column":26},"end":{"line":25,"column":35}},"11":{"start":{"line":28,"column":4},"end":{"line":28,"column":12}},"12":{"start":{"line":29,"column":4},"end":{"line":29,"column":12}}},"fnMap":{"0":{"name":"(anonymous_0)","decl":{"start":{"line":6,"column":17},"end":{"line":6,"column":18}},"loc":{"start":{"line":6,"column":23},"end":{"line":30,"column":1}},"line":6},"1":{"name":"(anonymous_1)","decl":{"start":{"line":7,"column":27},"end":{"line":7,"column":28}},"loc":{"start":{"line":7,"column":43},"end":{"line":9,"column":5}},"line":7},"2":{"name":"(anonymous_2)","decl":{"start":{"line":11,"column":29},"end":{"line":11,"column":30}},"loc":{"start":{"line":11,"column":43},"end":{"line":26,"column":5}},"line":11},"3":{"name":"(anonymous_3)","decl":{"start":{"line":24,"column":18},"end":{"line":24,"column":19}},"loc":{"start":{"line":24,"column":26},"end":{"line":24,"column":42}},"line":24},"4":{"name":"(anonymous_4)","decl":{"start":{"line":25,"column":19},"end":{"line":25,"column":20}},"loc":{"start":{"line":25,"column":26},"end":{"line":25,"column":35}},"line":25}},"branchMap":{},"s":{"0":1,"1":1,"2":1,"3":1,"4":1,"5":1,"6":0,"7":1,"8":0,"9":0,"10":0,"11":1,"12":1},"f":{"0":1,"1":0,"2":0,"3":0,"4":0},"b":{},"_coverageSchema":"1a1c01bbd47fc00a2c39e90264f33305004495a9","hash":"d30d8e9e9f40ca74b4f2265645ba45c7c2893b30"}
,"C:\\Users\\김승덕\\Desktop\\김은균\\스터디\\Node.js교과서\\ch09\\nodebird\\passport\\kakaoStrategy.js": {"path":"C:\\Users\\김승덕\\Desktop\\김은균\\스터디\\Node.js교과서\\ch09\\nodebird\\passport\\kakaoStrategy.js","statementMap":{"0":{"start":{"line":1,"column":17},"end":{"line":1,"column":36}},"1":{"start":{"line":2,"column":22},"end":{"line":2,"column":56}},"2":{"start":{"line":4,"column":13},"end":{"line":4,"column":38}},"3":{"start":{"line":6,"column":0},"end":{"line":32,"column":2}},"4":{"start":{"line":7,"column":4},"end":{"line":31,"column":8}},"5":{"start":{"line":11,"column":8},"end":{"line":11,"column":46}},"6":{"start":{"line":12,"column":8},"end":{"line":30,"column":9}},"7":{"start":{"line":13,"column":27},"end":{"line":15,"column":14}},"8":{"start":{"line":16,"column":12},"end":{"line":26,"column":13}},"9":{"start":{"line":17,"column":16},"end":{"line":17,"column":35}},"10":{"start":{"line":19,"column":32},"end":{"line":24,"column":18}},"11":{"start":{"line":25,"column":16},"end":{"line":25,"column":36}},"12":{"start":{"line":28,"column":12},"end":{"line":28,"column":33}},"13":{"start":{"line":29,"column":12},"end":{"line":29,"column":24}}},"fnMap":{"0":{"name":"(anonymous_0)","decl":{"start":{"line":6,"column":17},"end":{"line":6,"column":18}},"loc":{"start":{"line":6,"column":23},"end":{"line":32,"column":1}},"line":6},"1":{"name":"(anonymous_1)","decl":{"start":{"line":10,"column":7},"end":{"line":10,"column":8}},"loc":{"start":{"line":10,"column":59},"end":{"line":31,"column":5}},"line":10}},"branchMap":{"0":{"loc":{"start":{"line":16,"column":12},"end":{"line":26,"column":13}},"type":"if","locations":[{"start":{"line":16,"column":12},"end":{"line":26,"column":13}},{"start":{"line":18,"column":19},"end":{"line":26,"column":13}}],"line":16},"1":{"loc":{"start":{"line":20,"column":27},"end":{"line":20,"column":77}},"type":"binary-expr","locations":[{"start":{"line":20,"column":27},"end":{"line":20,"column":40}},{"start":{"line":20,"column":44},"end":{"line":20,"column":77}}],"line":20}},"s":{"0":1,"1":1,"2":1,"3":1,"4":1,"5":0,"6":0,"7":0,"8":0,"9":0,"10":0,"11":0,"12":0,"13":0},"f":{"0":1,"1":0},"b":{"0":[0,0],"1":[0,0]},"_coverageSchema":"1a1c01bbd47fc00a2c39e90264f33305004495a9","hash":"583fe975b28d9241c7bf00e8a87de2c87ee583e8"}
,"C:\\Users\\김승덕\\Desktop\\김은균\\스터디\\Node.js교과서\\ch09\\nodebird\\passport\\localStrategy.js": {"path":"C:\\Users\\김승덕\\Desktop\\김은균\\스터디\\Node.js교과서\\ch09\\nodebird\\passport\\localStrategy.js","statementMap":{"0":{"start":{"line":1,"column":17},"end":{"line":1,"column":36}},"1":{"start":{"line":2,"column":22},"end":{"line":2,"column":56}},"2":{"start":{"line":3,"column":15},"end":{"line":3,"column":32}},"3":{"start":{"line":5,"column":13},"end":{"line":5,"column":38}},"4":{"start":{"line":7,"column":0},"end":{"line":29,"column":2}},"5":{"start":{"line":8,"column":4},"end":{"line":28,"column":8}},"6":{"start":{"line":12,"column":8},"end":{"line":27,"column":9}},"7":{"start":{"line":13,"column":27},"end":{"line":13,"column":67}},"8":{"start":{"line":14,"column":12},"end":{"line":23,"column":13}},"9":{"start":{"line":15,"column":31},"end":{"line":15,"column":78}},"10":{"start":{"line":16,"column":16},"end":{"line":20,"column":17}},"11":{"start":{"line":17,"column":20},"end":{"line":17,"column":39}},"12":{"start":{"line":19,"column":20},"end":{"line":19,"column":71}},"13":{"start":{"line":22,"column":16},"end":{"line":22,"column":65}},"14":{"start":{"line":25,"column":12},"end":{"line":25,"column":33}},"15":{"start":{"line":26,"column":12},"end":{"line":26,"column":24}}},"fnMap":{"0":{"name":"(anonymous_0)","decl":{"start":{"line":7,"column":17},"end":{"line":7,"column":18}},"loc":{"start":{"line":7,"column":23},"end":{"line":29,"column":1}},"line":7},"1":{"name":"(anonymous_1)","decl":{"start":{"line":11,"column":7},"end":{"line":11,"column":8}},"loc":{"start":{"line":11,"column":40},"end":{"line":28,"column":5}},"line":11}},"branchMap":{"0":{"loc":{"start":{"line":14,"column":12},"end":{"line":23,"column":13}},"type":"if","locations":[{"start":{"line":14,"column":12},"end":{"line":23,"column":13}},{"start":{"line":21,"column":19},"end":{"line":23,"column":13}}],"line":14},"1":{"loc":{"start":{"line":16,"column":16},"end":{"line":20,"column":17}},"type":"if","locations":[{"start":{"line":16,"column":16},"end":{"line":20,"column":17}},{"start":{"line":18,"column":23},"end":{"line":20,"column":17}}],"line":16}},"s":{"0":1,"1":1,"2":1,"3":1,"4":1,"5":1,"6":7,"7":7,"8":7,"9":0,"10":0,"11":0,"12":0,"13":7,"14":0,"15":0},"f":{"0":1,"1":7},"b":{"0":[0,7],"1":[0,0]},"_coverageSchema":"1a1c01bbd47fc00a2c39e90264f33305004495a9","hash":"30f3b8ca2e3d30cd9544ee62fcc018665ed7cba3"}
,"C:\\Users\\김승덕\\Desktop\\김은균\\스터디\\Node.js교과서\\ch09\\nodebird\\routes\\auth.js": {"path":"C:\\Users\\김승덕\\Desktop\\김은균\\스터디\\Node.js교과서\\ch09\\nodebird\\routes\\auth.js","statementMap":{"0":{"start":{"line":1,"column":16},"end":{"line":1,"column":34}},"1":{"start":{"line":2,"column":17},"end":{"line":2,"column":36}},"2":{"start":{"line":3,"column":15},"end":{"line":3,"column":32}},"3":{"start":{"line":4,"column":38},"end":{"line":4,"column":62}},"4":{"start":{"line":5,"column":13},"end":{"line":5,"column":38}},"5":{"start":{"line":7,"column":15},"end":{"line":7,"column":31}},"6":{"start":{"line":9,"column":0},"end":{"line":27,"column":3}},"7":{"start":{"line":10,"column":38},"end":{"line":10,"column":46}},"8":{"start":{"line":11,"column":4},"end":{"line":26,"column":5}},"9":{"start":{"line":12,"column":23},"end":{"line":12,"column":63}},"10":{"start":{"line":13,"column":8},"end":{"line":15,"column":9}},"11":{"start":{"line":14,"column":12},"end":{"line":14,"column":53}},"12":{"start":{"line":16,"column":21},"end":{"line":16,"column":52}},"13":{"start":{"line":17,"column":8},"end":{"line":21,"column":11}},"14":{"start":{"line":22,"column":8},"end":{"line":22,"column":33}},"15":{"start":{"line":24,"column":8},"end":{"line":24,"column":29}},"16":{"start":{"line":25,"column":8},"end":{"line":25,"column":27}},"17":{"start":{"line":29,"column":0},"end":{"line":46,"column":3}},"18":{"start":{"line":30,"column":4},"end":{"line":45,"column":23}},"19":{"start":{"line":31,"column":8},"end":{"line":34,"column":9}},"20":{"start":{"line":32,"column":12},"end":{"line":32,"column":37}},"21":{"start":{"line":33,"column":12},"end":{"line":33,"column":35}},"22":{"start":{"line":35,"column":8},"end":{"line":37,"column":9}},"23":{"start":{"line":36,"column":12},"end":{"line":36,"column":64}},"24":{"start":{"line":38,"column":8},"end":{"line":44,"column":11}},"25":{"start":{"line":39,"column":12},"end":{"line":42,"column":13}},"26":{"start":{"line":40,"column":16},"end":{"line":40,"column":42}},"27":{"start":{"line":41,"column":16},"end":{"line":41,"column":40}},"28":{"start":{"line":43,"column":12},"end":{"line":43,"column":37}},"29":{"start":{"line":48,"column":0},"end":{"line":52,"column":3}},"30":{"start":{"line":49,"column":4},"end":{"line":49,"column":17}},"31":{"start":{"line":50,"column":4},"end":{"line":50,"column":26}},"32":{"start":{"line":51,"column":4},"end":{"line":51,"column":22}},"33":{"start":{"line":54,"column":0},"end":{"line":54,"column":53}},"34":{"start":{"line":56,"column":0},"end":{"line":60,"column":3}},"35":{"start":{"line":59,"column":4},"end":{"line":59,"column":22}},"36":{"start":{"line":62,"column":0},"end":{"line":62,"column":24}}},"fnMap":{"0":{"name":"(anonymous_0)","decl":{"start":{"line":9,"column":36},"end":{"line":9,"column":37}},"loc":{"start":{"line":9,"column":62},"end":{"line":27,"column":1}},"line":9},"1":{"name":"(anonymous_1)","decl":{"start":{"line":29,"column":37},"end":{"line":29,"column":38}},"loc":{"start":{"line":29,"column":57},"end":{"line":46,"column":1}},"line":29},"2":{"name":"(anonymous_2)","decl":{"start":{"line":30,"column":35},"end":{"line":30,"column":36}},"loc":{"start":{"line":30,"column":62},"end":{"line":45,"column":5}},"line":30},"3":{"name":"(anonymous_3)","decl":{"start":{"line":38,"column":31},"end":{"line":38,"column":32}},"loc":{"start":{"line":38,"column":47},"end":{"line":44,"column":9}},"line":38},"4":{"name":"(anonymous_4)","decl":{"start":{"line":48,"column":34},"end":{"line":48,"column":35}},"loc":{"start":{"line":48,"column":48},"end":{"line":52,"column":1}},"line":48},"5":{"name":"(anonymous_5)","decl":{"start":{"line":58,"column":4},"end":{"line":58,"column":5}},"loc":{"start":{"line":58,"column":18},"end":{"line":60,"column":1}},"line":58}},"branchMap":{"0":{"loc":{"start":{"line":13,"column":8},"end":{"line":15,"column":9}},"type":"if","locations":[{"start":{"line":13,"column":8},"end":{"line":15,"column":9}},{"start":{},"end":{}}],"line":13},"1":{"loc":{"start":{"line":31,"column":8},"end":{"line":34,"column":9}},"type":"if","locations":[{"start":{"line":31,"column":8},"end":{"line":34,"column":9}},{"start":{},"end":{}}],"line":31},"2":{"loc":{"start":{"line":35,"column":8},"end":{"line":37,"column":9}},"type":"if","locations":[{"start":{"line":35,"column":8},"end":{"line":37,"column":9}},{"start":{},"end":{}}],"line":35},"3":{"loc":{"start":{"line":39,"column":12},"end":{"line":42,"column":13}},"type":"if","locations":[{"start":{"line":39,"column":12},"end":{"line":42,"column":13}},{"start":{},"end":{}}],"line":39}},"s":{"0":1,"1":1,"2":1,"3":1,"4":1,"5":1,"6":1,"7":2,"8":2,"9":2,"10":2,"11":0,"12":2,"13":2,"14":0,"15":2,"16":2,"17":1,"18":7,"19":7,"20":0,"21":0,"22":7,"23":7,"24":0,"25":0,"26":0,"27":0,"28":0,"29":1,"30":0,"31":0,"32":0,"33":1,"34":1,"35":0,"36":1},"f":{"0":2,"1":7,"2":7,"3":0,"4":0,"5":0},"b":{"0":[0,2],"1":[0,7],"2":[7,0],"3":[0,0]},"_coverageSchema":"1a1c01bbd47fc00a2c39e90264f33305004495a9","hash":"5b61abab405db676878c43a9ec26f6680bbc706b"}
,"C:\\Users\\김승덕\\Desktop\\김은균\\스터디\\Node.js교과서\\ch09\\nodebird\\routes\\middlewares.js": {"path":"C:\\Users\\김승덕\\Desktop\\김은균\\스터디\\Node.js교과서\\ch09\\nodebird\\routes\\middlewares.js","statementMap":{"0":{"start":{"line":1,"column":0},"end":{"line":7,"column":2}},"1":{"start":{"line":2,"column":4},"end":{"line":6,"column":5}},"2":{"start":{"line":3,"column":8},"end":{"line":3,"column":15}},"3":{"start":{"line":5,"column":8},"end":{"line":5,"column":39}},"4":{"start":{"line":9,"column":0},"end":{"line":16,"column":2}},"5":{"start":{"line":10,"column":4},"end":{"line":15,"column":5}},"6":{"start":{"line":11,"column":8},"end":{"line":11,"column":15}},"7":{"start":{"line":13,"column":24},"end":{"line":13,"column":57}},"8":{"start":{"line":14,"column":8},"end":{"line":14,"column":43}}},"fnMap":{"0":{"name":"(anonymous_0)","decl":{"start":{"line":1,"column":21},"end":{"line":1,"column":22}},"loc":{"start":{"line":1,"column":41},"end":{"line":7,"column":1}},"line":1},"1":{"name":"(anonymous_1)","decl":{"start":{"line":9,"column":24},"end":{"line":9,"column":25}},"loc":{"start":{"line":9,"column":44},"end":{"line":16,"column":1}},"line":9}},"branchMap":{"0":{"loc":{"start":{"line":2,"column":4},"end":{"line":6,"column":5}},"type":"if","locations":[{"start":{"line":2,"column":4},"end":{"line":6,"column":5}},{"start":{"line":4,"column":11},"end":{"line":6,"column":5}}],"line":2},"1":{"loc":{"start":{"line":10,"column":4},"end":{"line":15,"column":5}},"type":"if","locations":[{"start":{"line":10,"column":4},"end":{"line":15,"column":5}},{"start":{"line":12,"column":11},"end":{"line":15,"column":5}}],"line":10}},"s":{"0":2,"1":4,"2":1,"3":3,"4":2,"5":11,"6":10,"7":1,"8":1},"f":{"0":4,"1":11},"b":{"0":[1,3],"1":[10,1]},"_coverageSchema":"1a1c01bbd47fc00a2c39e90264f33305004495a9","hash":"36f2c2e2e3a294ccd2ca3d16cd92e3d984e47358"}
,"C:\\Users\\김승덕\\Desktop\\김은균\\스터디\\Node.js교과서\\ch09\\nodebird\\routes\\page.js": {"path":"C:\\Users\\김승덕\\Desktop\\김은균\\스터디\\Node.js교과서\\ch09\\nodebird\\routes\\page.js","statementMap":{"0":{"start":{"line":1,"column":16},"end":{"line":1,"column":34}},"1":{"start":{"line":2,"column":38},"end":{"line":2,"column":62}},"2":{"start":{"line":3,"column":32},"end":{"line":3,"column":52}},"3":{"start":{"line":5,"column":15},"end":{"line":5,"column":31}},"4":{"start":{"line":7,"column":0},"end":{"line":13,"column":3}},"5":{"start":{"line":8,"column":4},"end":{"line":8,"column":31}},"6":{"start":{"line":9,"column":4},"end":{"line":9,"column":72}},"7":{"start":{"line":10,"column":4},"end":{"line":10,"column":74}},"8":{"start":{"line":11,"column":4},"end":{"line":11,"column":83}},"9":{"start":{"line":11,"column":72},"end":{"line":11,"column":76}},"10":{"start":{"line":12,"column":4},"end":{"line":12,"column":11}},"11":{"start":{"line":15,"column":0},"end":{"line":17,"column":3}},"12":{"start":{"line":16,"column":4},"end":{"line":16,"column":56}},"13":{"start":{"line":19,"column":0},"end":{"line":21,"column":3}},"14":{"start":{"line":20,"column":4},"end":{"line":20,"column":53}},"15":{"start":{"line":23,"column":0},"end":{"line":40,"column":3}},"16":{"start":{"line":24,"column":4},"end":{"line":39,"column":5}},"17":{"start":{"line":25,"column":22},"end":{"line":31,"column":10}},"18":{"start":{"line":32,"column":8},"end":{"line":35,"column":11}},"19":{"start":{"line":37,"column":8},"end":{"line":37,"column":27}},"20":{"start":{"line":38,"column":8},"end":{"line":38,"column":18}},"21":{"start":{"line":42,"column":0},"end":{"line":62,"column":3}},"22":{"start":{"line":43,"column":18},"end":{"line":43,"column":35}},"23":{"start":{"line":44,"column":4},"end":{"line":46,"column":5}},"24":{"start":{"line":45,"column":8},"end":{"line":45,"column":33}},"25":{"start":{"line":47,"column":4},"end":{"line":61,"column":5}},"26":{"start":{"line":48,"column":24},"end":{"line":48,"column":74}},"27":{"start":{"line":49,"column":20},"end":{"line":49,"column":22}},"28":{"start":{"line":50,"column":8},"end":{"line":52,"column":9}},"29":{"start":{"line":51,"column":12},"end":{"line":51,"column":75}},"30":{"start":{"line":54,"column":8},"end":{"line":57,"column":11}},"31":{"start":{"line":59,"column":8},"end":{"line":59,"column":29}},"32":{"start":{"line":60,"column":8},"end":{"line":60,"column":27}},"33":{"start":{"line":64,"column":0},"end":{"line":64,"column":24}}},"fnMap":{"0":{"name":"(anonymous_0)","decl":{"start":{"line":7,"column":11},"end":{"line":7,"column":12}},"loc":{"start":{"line":7,"column":31},"end":{"line":13,"column":1}},"line":7},"1":{"name":"(anonymous_1)","decl":{"start":{"line":11,"column":67},"end":{"line":11,"column":68}},"loc":{"start":{"line":11,"column":72},"end":{"line":11,"column":76}},"line":11},"2":{"name":"(anonymous_2)","decl":{"start":{"line":15,"column":35},"end":{"line":15,"column":36}},"loc":{"start":{"line":15,"column":49},"end":{"line":17,"column":1}},"line":15},"3":{"name":"(anonymous_3)","decl":{"start":{"line":19,"column":35},"end":{"line":19,"column":36}},"loc":{"start":{"line":19,"column":49},"end":{"line":21,"column":1}},"line":19},"4":{"name":"(anonymous_4)","decl":{"start":{"line":23,"column":16},"end":{"line":23,"column":17}},"loc":{"start":{"line":23,"column":42},"end":{"line":40,"column":1}},"line":23},"5":{"name":"(anonymous_5)","decl":{"start":{"line":42,"column":23},"end":{"line":42,"column":24}},"loc":{"start":{"line":42,"column":49},"end":{"line":62,"column":1}},"line":42}},"branchMap":{"0":{"loc":{"start":{"line":9,"column":31},"end":{"line":9,"column":71}},"type":"cond-expr","locations":[{"start":{"line":9,"column":42},"end":{"line":9,"column":67}},{"start":{"line":9,"column":70},"end":{"line":9,"column":71}}],"line":9},"1":{"loc":{"start":{"line":10,"column":32},"end":{"line":10,"column":73}},"type":"cond-expr","locations":[{"start":{"line":10,"column":43},"end":{"line":10,"column":69}},{"start":{"line":10,"column":72},"end":{"line":10,"column":73}}],"line":10},"2":{"loc":{"start":{"line":11,"column":32},"end":{"line":11,"column":82}},"type":"cond-expr","locations":[{"start":{"line":11,"column":43},"end":{"line":11,"column":77}},{"start":{"line":11,"column":80},"end":{"line":11,"column":82}}],"line":11},"3":{"loc":{"start":{"line":44,"column":4},"end":{"line":46,"column":5}},"type":"if","locations":[{"start":{"line":44,"column":4},"end":{"line":46,"column":5}},{"start":{},"end":{}}],"line":44},"4":{"loc":{"start":{"line":50,"column":8},"end":{"line":52,"column":9}},"type":"if","locations":[{"start":{"line":50,"column":8},"end":{"line":52,"column":9}},{"start":{},"end":{}}],"line":50}},"s":{"0":1,"1":1,"2":1,"3":1,"4":1,"5":11,"6":11,"7":11,"8":11,"9":0,"10":11,"11":1,"12":0,"13":1,"14":0,"15":1,"16":0,"17":0,"18":0,"19":0,"20":0,"21":1,"22":0,"23":0,"24":0,"25":0,"26":0,"27":0,"28":0,"29":0,"30":0,"31":0,"32":0,"33":1},"f":{"0":11,"1":0,"2":0,"3":0,"4":0,"5":0},"b":{"0":[0,11],"1":[0,11],"2":[0,11],"3":[0,0],"4":[0,0]},"_coverageSchema":"1a1c01bbd47fc00a2c39e90264f33305004495a9","hash":"9b870647d26fa35626d8848fa4f5add68050fdfc"}
,"C:\\Users\\김승덕\\Desktop\\김은균\\스터디\\Node.js교과서\\ch09\\nodebird\\routes\\post.js": {"path":"C:\\Users\\김승덕\\Desktop\\김은균\\스터디\\Node.js교과서\\ch09\\nodebird\\routes\\post.js","statementMap":{"0":{"start":{"line":1,"column":16},"end":{"line":1,"column":34}},"1":{"start":{"line":2,"column":15},"end":{"line":2,"column":32}},"2":{"start":{"line":3,"column":13},"end":{"line":3,"column":28}},"3":{"start":{"line":4,"column":11},"end":{"line":4,"column":24}},"4":{"start":{"line":6,"column":26},"end":{"line":6,"column":46}},"5":{"start":{"line":7,"column":23},"end":{"line":7,"column":47}},"6":{"start":{"line":9,"column":15},"end":{"line":9,"column":31}},"7":{"start":{"line":11,"column":0},"end":{"line":16,"column":1}},"8":{"start":{"line":12,"column":4},"end":{"line":12,"column":30}},"9":{"start":{"line":14,"column":4},"end":{"line":14,"column":55}},"10":{"start":{"line":15,"column":4},"end":{"line":15,"column":28}},"11":{"start":{"line":18,"column":15},"end":{"line":29,"column":2}},"12":{"start":{"line":21,"column":12},"end":{"line":21,"column":33}},"13":{"start":{"line":24,"column":24},"end":{"line":24,"column":55}},"14":{"start":{"line":25,"column":12},"end":{"line":25,"column":79}},"15":{"start":{"line":31,"column":0},"end":{"line":34,"column":3}},"16":{"start":{"line":32,"column":4},"end":{"line":32,"column":26}},"17":{"start":{"line":33,"column":4},"end":{"line":33,"column":51}},"18":{"start":{"line":36,"column":16},"end":{"line":36,"column":24}},"19":{"start":{"line":37,"column":0},"end":{"line":60,"column":3}},"20":{"start":{"line":38,"column":4},"end":{"line":59,"column":5}},"21":{"start":{"line":39,"column":21},"end":{"line":43,"column":10}},"22":{"start":{"line":44,"column":25},"end":{"line":44,"column":60}},"23":{"start":{"line":45,"column":8},"end":{"line":54,"column":9}},"24":{"start":{"line":46,"column":27},"end":{"line":52,"column":13}},"25":{"start":{"line":48,"column":20},"end":{"line":50,"column":22}},"26":{"start":{"line":53,"column":12},"end":{"line":53,"column":58}},"27":{"start":{"line":53,"column":51},"end":{"line":53,"column":55}},"28":{"start":{"line":55,"column":8},"end":{"line":55,"column":26}},"29":{"start":{"line":57,"column":8},"end":{"line":57,"column":29}},"30":{"start":{"line":58,"column":8},"end":{"line":58,"column":20}},"31":{"start":{"line":62,"column":0},"end":{"line":62,"column":24}}},"fnMap":{"0":{"name":"(anonymous_0)","decl":{"start":{"line":20,"column":8},"end":{"line":20,"column":9}},"loc":{"start":{"line":20,"column":35},"end":{"line":22,"column":9}},"line":20},"1":{"name":"(anonymous_1)","decl":{"start":{"line":23,"column":8},"end":{"line":23,"column":9}},"loc":{"start":{"line":23,"column":32},"end":{"line":26,"column":9}},"line":23},"2":{"name":"(anonymous_2)","decl":{"start":{"line":31,"column":54},"end":{"line":31,"column":55}},"loc":{"start":{"line":31,"column":68},"end":{"line":34,"column":1}},"line":31},"3":{"name":"(anonymous_3)","decl":{"start":{"line":37,"column":45},"end":{"line":37,"column":46}},"loc":{"start":{"line":37,"column":71},"end":{"line":60,"column":1}},"line":37},"4":{"name":"(anonymous_4)","decl":{"start":{"line":47,"column":29},"end":{"line":47,"column":30}},"loc":{"start":{"line":47,"column":36},"end":{"line":51,"column":17}},"line":47},"5":{"name":"(anonymous_5)","decl":{"start":{"line":53,"column":46},"end":{"line":53,"column":47}},"loc":{"start":{"line":53,"column":51},"end":{"line":53,"column":55}},"line":53}},"branchMap":{"0":{"loc":{"start":{"line":45,"column":8},"end":{"line":54,"column":9}},"type":"if","locations":[{"start":{"line":45,"column":8},"end":{"line":54,"column":9}},{"start":{},"end":{}}],"line":45}},"s":{"0":1,"1":1,"2":1,"3":1,"4":1,"5":1,"6":1,"7":1,"8":1,"9":0,"10":0,"11":1,"12":0,"13":0,"14":0,"15":1,"16":0,"17":0,"18":1,"19":1,"20":0,"21":0,"22":0,"23":0,"24":0,"25":0,"26":0,"27":0,"28":0,"29":0,"30":0,"31":1},"f":{"0":0,"1":0,"2":0,"3":0,"4":0,"5":0},"b":{"0":[0,0]},"_coverageSchema":"1a1c01bbd47fc00a2c39e90264f33305004495a9","hash":"ac8a0d3dfd8ff9147d22e73f04ba48bc06453dbc"}
,"C:\\Users\\김승덕\\Desktop\\김은균\\스터디\\Node.js교과서\\ch09\\nodebird\\routes\\user.js": {"path":"C:\\Users\\김승덕\\Desktop\\김은균\\스터디\\Node.js교과서\\ch09\\nodebird\\routes\\user.js","statementMap":{"0":{"start":{"line":1,"column":16},"end":{"line":1,"column":34}},"1":{"start":{"line":3,"column":23},"end":{"line":3,"column":47}},"2":{"start":{"line":4,"column":25},"end":{"line":4,"column":55}},"3":{"start":{"line":6,"column":15},"end":{"line":6,"column":31}},"4":{"start":{"line":8,"column":0},"end":{"line":8,"column":53}},"5":{"start":{"line":10,"column":0},"end":{"line":10,"column":24}}},"fnMap":{},"branchMap":{},"s":{"0":1,"1":1,"2":1,"3":1,"4":1,"5":1},"f":{},"b":{},"_coverageSchema":"1a1c01bbd47fc00a2c39e90264f33305004495a9","hash":"2fd3b211edc562579c33d7950546dd4f53103f76"}
}
